<?xml version="1.0" encoding="UTF-8"?>
<!-- Generated by org.testng.reporters.JUnitReportReporter -->
<testsuite skipped="0" hostname="LAPTOP-20UQJTOP" name="com.execution.chumma" tests="3" failures="0" timestamp="25 Aug 2021 08:53:32 GMT" time="0.017" errors="0">
  <testcase name="tc11" time="0.014" classname="com.execution.chumma"/>
  <testcase name="tc33" time="0.001" classname="com.execution.chumma"/>
  <testcase name="tc22" time="0.002" classname="com.execution.chumma"/>
</testsuite> <!-- com.execution.chumma -->
