<?xml version="1.0" encoding="UTF-8"?>
<!-- Generated by org.testng.reporters.JUnitReportReporter -->
<testsuite skipped="0" hostname="LAPTOP-20UQJTOP" name="com.execution.Chummaclad" tests="3" failures="0" timestamp="25 Aug 2021 08:53:32 GMT" time="0.004" errors="0">
  <testcase name="tc111" time="0.002" classname="com.execution.Chummaclad"/>
  <testcase name="tc222" time="0.001" classname="com.execution.Chummaclad"/>
  <testcase name="tc333" time="0.001" classname="com.execution.Chummaclad"/>
</testsuite> <!-- com.execution.Chummaclad -->
