<?xml version="1.0" encoding="UTF-8"?>
<!-- Generated by org.testng.reporters.JUnitReportReporter -->
<testsuite skipped="0" hostname="LAPTOP-20UQJTOP" name="com.execution.ExecutionClass" tests="3" failures="0" timestamp="13 Sep 2021 15:42:48 GMT" time="119.651" errors="0">
  <testcase name="tc2" time="42.238" classname="com.execution.ExecutionClass"/>
  <testcase name="tc2" time="46.737" classname="com.execution.ExecutionClass"/>
  <testcase name="tc2" time="30.676" classname="com.execution.ExecutionClass"/>
</testsuite> <!-- com.execution.ExecutionClass -->
