<?xml version="1.0" encoding="UTF-8"?>
<!-- Generated by org.testng.reporters.JUnitReportReporter -->
<testsuite skipped="0" hostname="LAPTOP-20UQJTOP" name="com.execution.Chummacla" tests="3" failures="0" timestamp="25 Aug 2021 08:53:32 GMT" time="0.004" errors="0">
  <testcase name="tc1" time="0.001" classname="com.execution.Chummacla"/>
  <testcase name="tc3" time="0.001" classname="com.execution.Chummacla"/>
  <testcase name="tc2" time="0.002" classname="com.execution.Chummacla"/>
</testsuite> <!-- com.execution.Chummacla -->
